2025-09-15 09:08:39 info: Congratulations, your extension "Embold" is now active!
2025-09-15 09:08:39 info: ************* init ****************
2025-09-15 09:08:39 info: tempDirectory : c:\Users\Keshav Mandal\.vscode\extensions\embold-vscode.embold-0.3.1\temp
2025-09-15 09:08:41 error: SQLITE_ERROR: no such table: issues
2025-09-15 09:08:45 info: Extraction complete for source: c:\Users\Keshav Mandal\.vscode\extensions\embold-vscode.embold-0.3.1\resources\embold-scanner-archive.zip, destination: c:\Users\Keshav Mandal\.vscode\extensions\embold-vscode.embold-0.3.1\temp
2025-09-15 09:08:45 info: Extension installed on machine OS : win32
2025-09-15 09:08:45 info: Fetched the issues from DB
2025-09-15 09:08:45 info: Java version installed on machine : 
java version "24.0.2" 2025-07-15
Java(TM) SE Runtime Environment (build 24.0.2+12-54)
Java HotSpot(TM) 64-Bit Server VM (build 24.0.2+12-54, mixed mode, sharing)

2025-09-15 09:08:45 info: Java installed on machine.
2025-09-15 09:08:48 info: Embold extension version response:{"hasSupport":false,"version":"0.2.1","changeNotes":"<div> <p>Release Date: 30 Apr, 2025 <br><span>Bug fixes and improvements.</span></p> </div>"}
2025-09-15 09:08:48 info: Current installed embold extension version : 0.3.1
2025-09-15 09:08:48 info: Latest embold extension version on marketplace : 0.2.1
2025-09-15 09:08:48 info: Current extension version: 0.3.1
2025-09-15 09:08:48 info: Stored extension version: 0.3.1
2025-09-15 09:08:48 info: No new installation or upgrade detected. Skipping plugin activation tracking.
2025-09-15 09:19:23 info: Congratulations, your extension "Embold" is now active!
2025-09-15 09:19:23 info: ************* init ****************
2025-09-15 09:19:23 info: tempDirectory : c:\Users\Keshav Mandal\.vscode\extensions\embold-vscode.embold-0.3.1\temp
2025-09-15 09:19:29 info: Extraction complete for source: c:\Users\Keshav Mandal\.vscode\extensions\embold-vscode.embold-0.3.1\resources\embold-scanner-archive.zip, destination: c:\Users\Keshav Mandal\.vscode\extensions\embold-vscode.embold-0.3.1\temp
2025-09-15 09:19:29 info: Extension installed on machine OS : win32
2025-09-15 09:19:29 info: Fetched the issues from DB
2025-09-15 09:19:29 info: Java version installed on machine : 
java version "24.0.2" 2025-07-15
Java(TM) SE Runtime Environment (build 24.0.2+12-54)
Java HotSpot(TM) 64-Bit Server VM (build 24.0.2+12-54, mixed mode, sharing)

2025-09-15 09:19:29 info: Java installed on machine.
2025-09-15 09:19:31 info: Embold extension version response:{"hasSupport":false,"version":"0.2.1","changeNotes":"<div> <p>Release Date: 30 Apr, 2025 <br><span>Bug fixes and improvements.</span></p> </div>"}
2025-09-15 09:19:31 info: Current installed embold extension version : 0.3.1
2025-09-15 09:19:31 info: Latest embold extension version on marketplace : 0.2.1
2025-09-15 09:19:31 info: Current extension version: 0.3.1
2025-09-15 09:19:31 info: Stored extension version: 0.3.1
2025-09-15 09:19:31 info: No new installation or upgrade detected. Skipping plugin activation tracking.
2025-09-15 09:38:58 info: Row(s) deleted
2025-09-15 09:39:04 info: Row(s) deleted
2025-09-15 10:15:13 info: Row(s) deleted
2025-09-15 10:15:13 info: Row(s) deleted
2025-09-15 10:15:13 info: Row(s) deleted
2025-09-15 10:15:13 info: Row(s) deleted
2025-09-15 10:15:13 info: Row(s) deleted
2025-09-15 10:15:13 info: Row(s) deleted
2025-09-15 10:15:13 info: Row(s) deleted
2025-09-15 10:15:13 info: Row(s) deleted
2025-09-15 10:15:13 info: Row(s) deleted
2025-09-15 10:15:13 info: Row(s) deleted
2025-09-15 10:15:13 info: Row(s) deleted
2025-09-15 10:15:13 info: Row(s) deleted
2025-09-15 10:15:13 info: Row(s) deleted
2025-09-15 10:15:13 info: Row(s) deleted
2025-09-15 10:15:13 info: Row(s) deleted
2025-09-15 10:15:13 info: Row(s) deleted
2025-09-15 10:15:13 info: Row(s) deleted
2025-09-15 10:15:13 info: Row(s) deleted
2025-09-15 10:15:13 info: Row(s) deleted
2025-09-15 10:15:13 info: Row(s) deleted
2025-09-15 10:15:13 info: Row(s) deleted
2025-09-15 10:15:13 info: Row(s) deleted
2025-09-15 10:15:13 info: Row(s) deleted
2025-09-15 10:15:13 info: Row(s) deleted
2025-09-15 10:15:13 info: Row(s) deleted
2025-09-15 10:15:13 info: Row(s) deleted
2025-09-15 10:15:13 info: Row(s) deleted
2025-09-15 10:15:13 info: Row(s) deleted
2025-09-15 10:15:13 info: Row(s) deleted
2025-09-15 10:15:13 info: Row(s) deleted
2025-09-15 10:15:13 info: Row(s) deleted
2025-09-15 10:15:13 info: Row(s) deleted
2025-09-15 10:15:13 info: Row(s) deleted
2025-09-15 10:15:13 info: Row(s) deleted
2025-09-15 10:15:13 info: Row(s) deleted
2025-09-15 10:15:13 info: Row(s) deleted
2025-09-15 10:15:13 info: Row(s) deleted
2025-09-15 10:15:13 info: Row(s) deleted
2025-09-15 10:15:13 info: Row(s) deleted
2025-09-15 10:15:13 info: Row(s) deleted
2025-09-15 10:15:13 info: Row(s) deleted
2025-09-15 10:15:13 info: Row(s) deleted
2025-09-15 10:43:09 info: Row(s) deleted
2025-09-15 11:19:40 info: Row(s) deleted
2025-09-15 12:44:13 info: Row(s) deleted
2025-09-16 17:22:41 info: Congratulations, your extension "Embold" is now active!
2025-09-16 17:22:41 info: ************* init ****************
2025-09-16 17:22:41 info: tempDirectory : c:\Users\Keshav Mandal\.vscode\extensions\embold-vscode.embold-0.3.1\temp
2025-09-16 17:22:52 info: Extraction complete for source: c:\Users\Keshav Mandal\.vscode\extensions\embold-vscode.embold-0.3.1\resources\embold-scanner-archive.zip, destination: c:\Users\Keshav Mandal\.vscode\extensions\embold-vscode.embold-0.3.1\temp
2025-09-16 17:22:52 info: Extension installed on machine OS : win32
2025-09-16 17:22:52 info: Fetched the issues from DB
2025-09-16 17:22:53 info: Java version installed on machine : 
java version "24.0.2" 2025-07-15
Java(TM) SE Runtime Environment (build 24.0.2+12-54)
Java HotSpot(TM) 64-Bit Server VM (build 24.0.2+12-54, mixed mode, sharing)

2025-09-16 17:22:53 info: Java installed on machine.
2025-09-16 17:22:54 info: Embold extension version response:{"hasSupport":false,"version":"0.2.1","changeNotes":"<div> <p>Release Date: 30 Apr, 2025 <br><span>Bug fixes and improvements.</span></p> </div>"}
2025-09-16 17:22:54 info: Current installed embold extension version : 0.3.1
2025-09-16 17:22:54 info: Latest embold extension version on marketplace : 0.2.1
2025-09-16 17:22:54 info: Current extension version: 0.3.1
2025-09-16 17:22:54 info: Stored extension version: 0.3.1
2025-09-16 17:22:54 info: No new installation or upgrade detected. Skipping plugin activation tracking.
2025-09-17 16:06:04 info: Congratulations, your extension "Embold" is now active!
2025-09-17 16:06:04 info: ************* init ****************
2025-09-17 16:06:04 info: tempDirectory : c:\Users\Keshav Mandal\.vscode\extensions\embold-vscode.embold-0.3.1\temp
2025-09-17 16:06:16 info: Row(s) deleted
2025-09-17 16:06:16 info: Row(s) deleted
2025-09-17 16:06:20 info: Extraction complete for source: c:\Users\Keshav Mandal\.vscode\extensions\embold-vscode.embold-0.3.1\resources\embold-scanner-archive.zip, destination: c:\Users\Keshav Mandal\.vscode\extensions\embold-vscode.embold-0.3.1\temp
2025-09-17 16:06:20 info: Extension installed on machine OS : win32
2025-09-17 16:06:20 info: Fetched the issues from DB
2025-09-17 16:06:21 info: Embold extension version response:{"hasSupport":false,"version":"0.2.1","changeNotes":"<div> <p>Release Date: 30 Apr, 2025 <br><span>Bug fixes and improvements.</span></p> </div>"}
2025-09-17 16:06:21 info: Current installed embold extension version : 0.3.1
2025-09-17 16:06:21 info: Latest embold extension version on marketplace : 0.2.1
2025-09-17 16:06:21 info: Current extension version: 0.3.1
2025-09-17 16:06:21 info: Stored extension version: 0.3.1
2025-09-17 16:06:21 info: No new installation or upgrade detected. Skipping plugin activation tracking.
2025-09-17 16:06:26 info: Java version installed on machine : 
java version "24.0.2" 2025-07-15
Java(TM) SE Runtime Environment (build 24.0.2+12-54)
Java HotSpot(TM) 64-Bit Server VM (build 24.0.2+12-54, mixed mode, sharing)

2025-09-17 16:06:26 info: Java installed on machine.
